mainWindows.py:1:1: F401 'PySide6.QtCore' imported but unused
mainWindows.py:1:1: F401 'PySide6.QtGui' imported but unused
mainWindows.py:4:1: E302 expected 2 blank lines, found 1
mainWindows.py:19:13: F541 f-string is missing placeholders
mainWindows.py:23:1: E302 expected 2 blank lines, found 0
mainWindows.py:30:40: W291 trailing whitespace
mainWindows.py:41:13: F541 f-string is missing placeholders
mainWindows.py:44:1: E302 expected 2 blank lines, found 0
mainWindows.py:59:80: E501 line too long (88 > 79 characters)
mainWindows.py:61:1: E302 expected 2 blank lines, found 0
mainWindows.py:63:1: E302 expected 2 blank lines, found 0
mainWindows.py:81:33: W291 trailing whitespace
mainWindows.py:98:1: E305 expected 2 blank lines after class or function definition, found 1
mainWindows.py:100:1: E302 expected 2 blank lines, found 1
mainWindows.py:105:80: E501 line too long (90 > 79 characters)
mainWindows.py:111:50: E261 at least two spaces before inline comment
mainWindows.py:111:51: E262 inline comment should start with '# '
mainWindows.py:111:80: E501 line too long (81 > 79 characters)
mainWindows.py:117:80: E501 line too long (92 > 79 characters)
mainWindows.py:118:80: E501 line too long (84 > 79 characters)
mainWindows.py:119:80: E501 line too long (80 > 79 characters)
mainWindows.py:132:80: E501 line too long (84 > 79 characters)
mainWindows.py:133:80: E501 line too long (88 > 79 characters)
mainWindows.py:134:52: E203 whitespace before ':'
mainWindows.py:134:80: E501 line too long (83 > 79 characters)
mainWindows.py:135:80: E501 line too long (88 > 79 characters)
mainWindows.py:136:80: E501 line too long (84 > 79 characters)
mainWindows.py:137:80: E501 line too long (84 > 79 characters)
mainWindows.py:138:80: E501 line too long (82 > 79 characters)
mainWindows.py:139:80: E501 line too long (86 > 79 characters)
mainWindows.py:140:9: E265 block comment should start with '# '
mainWindows.py:141:9: E265 block comment should start with '# '
mainWindows.py:145:5: E301 expected 1 blank line, found 0
mainWindows.py:148:13: F541 f-string is missing placeholders
mainWindows.py:150:1: E302 expected 2 blank lines, found 0
mainWindows.py:160:80: E501 line too long (87 > 79 characters)
mainWindows.py:187:80: E501 line too long (100 > 79 characters)
mainWindows.py:200:5: E301 expected 1 blank line, found 0
mainWindows.py:211:80: E501 line too long (89 > 79 characters)
mainWindows.py:215:80: E501 line too long (96 > 79 characters)
mainWindows.py:224:1: E302 expected 2 blank lines, found 0
mainWindows.py:238:48: E231 missing whitespace after ','
mainWindows.py:258:1: E302 expected 2 blank lines, found 0
mainWindows.py:349:1: E302 expected 2 blank lines, found 0
mainWindows.py:369:80: E501 line too long (87 > 79 characters)
mainWindows.py:373:80: E501 line too long (81 > 79 characters)
mainWindows.py:378:1: E302 expected 2 blank lines, found 0
mainWindows.py:430:5: E301 expected 1 blank line, found 0
mainWindows.py:486:1: E302 expected 2 blank lines, found 0
mainWindows.py:488:1: E302 expected 2 blank lines, found 0
mainWindows.py:494:27: E211 whitespace before '('
mainWindows.py:504:9: E265 block comment should start with '# '
mainWindows.py:521:80: E501 line too long (152 > 79 characters)
mainWindows.py:527:80: E501 line too long (80 > 79 characters)
mainWindows.py:541:1: E302 expected 2 blank lines, found 0
mainWindows.py:551:60: E231 missing whitespace after ','
mainWindows.py:604:80: E501 line too long (103 > 79 characters)
mainWindows.py:609:80: E501 line too long (88 > 79 characters)
mainWindows.py:616:80: E501 line too long (106 > 79 characters)
mainWindows.py:619:80: E501 line too long (100 > 79 characters)
mainWindows.py:621:1: W391 blank line at end of file
2025-10-16 03:48:47;INFO;Подключение к БД установлено.
2025-10-16 03:48:47;INFO;Подключение к БД установлено.
2025-10-16 03:48:47;INFO;Проект открыт
2025-10-16 03:48:53;INFO;Приложение завершило работу.
2025-10-16 03:49:05;INFO;Подключение к БД установлено.
2025-10-16 03:49:05;INFO;Подключение к БД установлено.
2025-10-16 03:49:05;INFO;Проект открыт
2025-10-16 03:49:09;INFO;Выбрана схема test.
